d:\gravity_\gravitynotincluded\gravitynotincluded\x64\debug\gravitynotincluded.pch
d:\gravity_\gravitynotincluded\gravitynotincluded\x64\debug\vc141.pdb
d:\gravity_\gravitynotincluded\gravitynotincluded\x64\debug\vc141.idb
d:\gravity_\gravitynotincluded\gravitynotincluded\x64\debug\pch.obj
d:\gravity_\gravitynotincluded\gravitynotincluded\x64\debug\main.obj
d:\gravity_\gravitynotincluded\gravitynotincluded\x64\debug\statelibrary.obj
d:\gravity_\gravitynotincluded\gravitynotincluded\x64\debug\state.obj
d:\gravity_\gravitynotincluded\gravitynotincluded\x64\debug\gameobject.obj
d:\gravity_\gravitynotincluded\gravitynotincluded\x64\debug\entity.obj
d:\gravity_\gravitynotincluded\gravitynotincluded\x64\debug\disease.obj
d:\gravity_\gravitynotincluded\gravitynotincluded\x64\debug\cure.obj
d:\gravity_\gravitynotincluded\gravitynotincluded\x64\debug\messagemanager.obj
d:\gravity_\gravitynotincluded\gravitynotincluded\x64\debug\timer.obj
d:\gravity_\gravitynotincluded\gravitynotincluded\x64\debug\message.obj
d:\gravity_\gravitynotincluded\gravitynotincluded\x64\debug\soundcomp.obj
d:\gravity_\gravitynotincluded\gravitynotincluded\x64\debug\physicscomp.obj
d:\gravity_\gravitynotincluded\gravitynotincluded\x64\debug\graphicscomp.obj
d:\gravity_\gravitynotincluded\x64\debug\gravitynotincluded.pdb
d:\gravity_\gravitynotincluded\gravitynotincluded\x64\debug\gravityn.1c2e9580.tlog\cl.command.1.tlog
d:\gravity_\gravitynotincluded\gravitynotincluded\x64\debug\gravityn.1c2e9580.tlog\cl.read.1.tlog
d:\gravity_\gravitynotincluded\gravitynotincluded\x64\debug\gravityn.1c2e9580.tlog\cl.write.1.tlog
d:\gravity_\gravitynotincluded\gravitynotincluded\x64\debug\gravityn.1c2e9580.tlog\link-cvtres.read.1.tlog
d:\gravity_\gravitynotincluded\gravitynotincluded\x64\debug\gravityn.1c2e9580.tlog\link-cvtres.write.1.tlog
d:\gravity_\gravitynotincluded\gravitynotincluded\x64\debug\gravityn.1c2e9580.tlog\link-rc.read.1.tlog
d:\gravity_\gravitynotincluded\gravitynotincluded\x64\debug\gravityn.1c2e9580.tlog\link-rc.write.1.tlog
d:\gravity_\gravitynotincluded\gravitynotincluded\x64\debug\gravityn.1c2e9580.tlog\link.23364-cvtres.read.1.tlog
d:\gravity_\gravitynotincluded\gravitynotincluded\x64\debug\gravityn.1c2e9580.tlog\link.23364-cvtres.write.1.tlog
d:\gravity_\gravitynotincluded\gravitynotincluded\x64\debug\gravityn.1c2e9580.tlog\link.23364-rc.read.1.tlog
d:\gravity_\gravitynotincluded\gravitynotincluded\x64\debug\gravityn.1c2e9580.tlog\link.23364-rc.write.1.tlog
d:\gravity_\gravitynotincluded\gravitynotincluded\x64\debug\gravityn.1c2e9580.tlog\link.23364.read.1.tlog
d:\gravity_\gravitynotincluded\gravitynotincluded\x64\debug\gravityn.1c2e9580.tlog\link.23364.write.1.tlog
d:\gravity_\gravitynotincluded\gravitynotincluded\x64\debug\gravityn.1c2e9580.tlog\link.command.1.tlog
d:\gravity_\gravitynotincluded\gravitynotincluded\x64\debug\gravityn.1c2e9580.tlog\link.read.1.tlog
d:\gravity_\gravitynotincluded\gravitynotincluded\x64\debug\gravityn.1c2e9580.tlog\link.write.1.tlog
